c:\projectjes\cplusplus\imgui\imgui\examples\example_glfw_opengl3\debug\vc143.pdb
c:\projectjes\cplusplus\imgui\imgui\examples\example_glfw_opengl3\debug\vc143.idb
c:\projectjes\cplusplus\imgui\imgui\examples\example_glfw_opengl3\debug\main.obj
c:\projectjes\cplusplus\imgui\imgui\examples\example_glfw_opengl3\debug\imgui_impl_opengl3.obj
c:\projectjes\cplusplus\imgui\imgui\examples\example_glfw_opengl3\debug\imgui_impl_glfw.obj
c:\projectjes\cplusplus\imgui\imgui\examples\example_glfw_opengl3\debug\imgui_widgets.obj
c:\projectjes\cplusplus\imgui\imgui\examples\example_glfw_opengl3\debug\imgui_tables.obj
c:\projectjes\cplusplus\imgui\imgui\examples\example_glfw_opengl3\debug\imgui_draw.obj
c:\projectjes\cplusplus\imgui\imgui\examples\example_glfw_opengl3\debug\imgui_demo.obj
c:\projectjes\cplusplus\imgui\imgui\examples\example_glfw_opengl3\debug\imgui.obj
c:\projectjes\cplusplus\imgui\imgui\examples\example_glfw_opengl3\debug\app.obj
c:\projectjes\cplusplus\imgui\imgui\examples\example_glfw_opengl3\debug\example_glfw_opengl3.pdb
c:\projectjes\cplusplus\imgui\imgui\examples\example_glfw_opengl3\debug\example_glfw_opengl3.vcxproj.filelistabsolute.txt
c:\projectjes\cplusplus\imgui\imgui\examples\example_glfw_opengl3\debug\example_.4a1fb5ea.tlog\cl.command.1.tlog
c:\projectjes\cplusplus\imgui\imgui\examples\example_glfw_opengl3\debug\example_.4a1fb5ea.tlog\cl.read.1.tlog
c:\projectjes\cplusplus\imgui\imgui\examples\example_glfw_opengl3\debug\example_.4a1fb5ea.tlog\cl.write.1.tlog
c:\projectjes\cplusplus\imgui\imgui\examples\example_glfw_opengl3\debug\example_.4a1fb5ea.tlog\link-cvtres.read.1.tlog
c:\projectjes\cplusplus\imgui\imgui\examples\example_glfw_opengl3\debug\example_.4a1fb5ea.tlog\link-cvtres.write.1.tlog
c:\projectjes\cplusplus\imgui\imgui\examples\example_glfw_opengl3\debug\example_.4a1fb5ea.tlog\link-rc.read.1.tlog
c:\projectjes\cplusplus\imgui\imgui\examples\example_glfw_opengl3\debug\example_.4a1fb5ea.tlog\link-rc.write.1.tlog
c:\projectjes\cplusplus\imgui\imgui\examples\example_glfw_opengl3\debug\example_.4a1fb5ea.tlog\link.10992-cvtres.read.1.tlog
c:\projectjes\cplusplus\imgui\imgui\examples\example_glfw_opengl3\debug\example_.4a1fb5ea.tlog\link.10992-cvtres.write.1.tlog
c:\projectjes\cplusplus\imgui\imgui\examples\example_glfw_opengl3\debug\example_.4a1fb5ea.tlog\link.10992-rc.read.1.tlog
c:\projectjes\cplusplus\imgui\imgui\examples\example_glfw_opengl3\debug\example_.4a1fb5ea.tlog\link.10992-rc.write.1.tlog
c:\projectjes\cplusplus\imgui\imgui\examples\example_glfw_opengl3\debug\example_.4a1fb5ea.tlog\link.10992.read.1.tlog
c:\projectjes\cplusplus\imgui\imgui\examples\example_glfw_opengl3\debug\example_.4a1fb5ea.tlog\link.10992.read.2.tlog
c:\projectjes\cplusplus\imgui\imgui\examples\example_glfw_opengl3\debug\example_.4a1fb5ea.tlog\link.10992.write.1.tlog
c:\projectjes\cplusplus\imgui\imgui\examples\example_glfw_opengl3\debug\example_.4a1fb5ea.tlog\link.command.1.tlog
c:\projectjes\cplusplus\imgui\imgui\examples\example_glfw_opengl3\debug\example_.4a1fb5ea.tlog\link.read.1.tlog
c:\projectjes\cplusplus\imgui\imgui\examples\example_glfw_opengl3\debug\example_.4a1fb5ea.tlog\link.read.2.tlog
c:\projectjes\cplusplus\imgui\imgui\examples\example_glfw_opengl3\debug\example_.4a1fb5ea.tlog\link.write.1.tlog
